mode: set
github.com/aisyahenha/golang-les-sekolah-dasar/delivery/controller/auth_controller.go:16.55,18.51 2 0
github.com/aisyahenha/golang-les-sekolah-dasar/delivery/controller/auth_controller.go:18.51,21.3 2 0
github.com/aisyahenha/golang-les-sekolah-dasar/delivery/controller/auth_controller.go:22.2,23.16 2 0
github.com/aisyahenha/golang-les-sekolah-dasar/delivery/controller/auth_controller.go:23.16,26.3 2 0
github.com/aisyahenha/golang-les-sekolah-dasar/delivery/controller/auth_controller.go:27.2,27.50 1 0
github.com/aisyahenha/golang-les-sekolah-dasar/delivery/controller/auth_controller.go:30.79,38.2 4 0
github.com/aisyahenha/golang-les-sekolah-dasar/delivery/controller/course_controller.go:19.58,21.51 2 0
github.com/aisyahenha/golang-les-sekolah-dasar/delivery/controller/course_controller.go:21.51,24.3 2 0
github.com/aisyahenha/golang-les-sekolah-dasar/delivery/controller/course_controller.go:25.2,25.57 1 0
github.com/aisyahenha/golang-les-sekolah-dasar/delivery/controller/course_controller.go:25.57,28.3 2 0
github.com/aisyahenha/golang-les-sekolah-dasar/delivery/controller/course_controller.go:29.2,29.37 1 0
github.com/aisyahenha/golang-les-sekolah-dasar/delivery/controller/course_controller.go:31.56,33.16 2 0
github.com/aisyahenha/golang-les-sekolah-dasar/delivery/controller/course_controller.go:33.16,36.3 2 0
github.com/aisyahenha/golang-les-sekolah-dasar/delivery/controller/course_controller.go:37.2,37.46 1 0
github.com/aisyahenha/golang-les-sekolah-dasar/delivery/controller/course_controller.go:40.55,45.16 3 0
github.com/aisyahenha/golang-les-sekolah-dasar/delivery/controller/course_controller.go:45.16,48.3 2 0
github.com/aisyahenha/golang-les-sekolah-dasar/delivery/controller/course_controller.go:49.2,49.46 1 0
github.com/aisyahenha/golang-les-sekolah-dasar/delivery/controller/course_controller.go:51.58,53.51 2 0
github.com/aisyahenha/golang-les-sekolah-dasar/delivery/controller/course_controller.go:53.51,56.3 2 0
github.com/aisyahenha/golang-les-sekolah-dasar/delivery/controller/course_controller.go:57.2,57.52 1 0
github.com/aisyahenha/golang-les-sekolah-dasar/delivery/controller/course_controller.go:57.52,60.3 2 0
github.com/aisyahenha/golang-les-sekolah-dasar/delivery/controller/course_controller.go:61.2,61.37 1 0
github.com/aisyahenha/golang-les-sekolah-dasar/delivery/controller/course_controller.go:63.58,66.16 3 0
github.com/aisyahenha/golang-les-sekolah-dasar/delivery/controller/course_controller.go:66.16,69.3 2 0
github.com/aisyahenha/golang-les-sekolah-dasar/delivery/controller/course_controller.go:70.2,70.76 1 0
github.com/aisyahenha/golang-les-sekolah-dasar/delivery/controller/course_controller.go:73.115,87.2 8 0
github.com/aisyahenha/golang-les-sekolah-dasar/delivery/controller/schedule_controller.go:19.60,21.51 2 0
github.com/aisyahenha/golang-les-sekolah-dasar/delivery/controller/schedule_controller.go:21.51,24.3 2 0
github.com/aisyahenha/golang-les-sekolah-dasar/delivery/controller/schedule_controller.go:25.2,25.59 1 0
github.com/aisyahenha/golang-les-sekolah-dasar/delivery/controller/schedule_controller.go:25.59,28.3 2 0
github.com/aisyahenha/golang-les-sekolah-dasar/delivery/controller/schedule_controller.go:29.2,29.37 1 0
github.com/aisyahenha/golang-les-sekolah-dasar/delivery/controller/schedule_controller.go:31.58,33.16 2 0
github.com/aisyahenha/golang-les-sekolah-dasar/delivery/controller/schedule_controller.go:33.16,36.3 2 0
github.com/aisyahenha/golang-les-sekolah-dasar/delivery/controller/schedule_controller.go:37.2,37.48 1 0
github.com/aisyahenha/golang-les-sekolah-dasar/delivery/controller/schedule_controller.go:40.57,45.16 3 0
github.com/aisyahenha/golang-les-sekolah-dasar/delivery/controller/schedule_controller.go:45.16,48.3 2 0
github.com/aisyahenha/golang-les-sekolah-dasar/delivery/controller/schedule_controller.go:49.2,49.48 1 0
github.com/aisyahenha/golang-les-sekolah-dasar/delivery/controller/schedule_controller.go:51.60,53.51 2 0
github.com/aisyahenha/golang-les-sekolah-dasar/delivery/controller/schedule_controller.go:53.51,56.3 2 0
github.com/aisyahenha/golang-les-sekolah-dasar/delivery/controller/schedule_controller.go:57.2,57.54 1 0
github.com/aisyahenha/golang-les-sekolah-dasar/delivery/controller/schedule_controller.go:57.54,60.3 2 0
github.com/aisyahenha/golang-les-sekolah-dasar/delivery/controller/schedule_controller.go:61.2,61.37 1 0
github.com/aisyahenha/golang-les-sekolah-dasar/delivery/controller/schedule_controller.go:63.60,66.16 3 0
github.com/aisyahenha/golang-les-sekolah-dasar/delivery/controller/schedule_controller.go:66.16,69.3 2 0
github.com/aisyahenha/golang-les-sekolah-dasar/delivery/controller/schedule_controller.go:70.2,70.78 1 0
github.com/aisyahenha/golang-les-sekolah-dasar/delivery/controller/schedule_controller.go:73.121,87.2 8 0
github.com/aisyahenha/golang-les-sekolah-dasar/delivery/controller/student_controller.go:19.59,21.51 2 0
github.com/aisyahenha/golang-les-sekolah-dasar/delivery/controller/student_controller.go:21.51,24.3 2 0
github.com/aisyahenha/golang-les-sekolah-dasar/delivery/controller/student_controller.go:25.2,25.58 1 0
github.com/aisyahenha/golang-les-sekolah-dasar/delivery/controller/student_controller.go:25.58,28.3 2 0
github.com/aisyahenha/golang-les-sekolah-dasar/delivery/controller/student_controller.go:29.2,29.37 1 0
github.com/aisyahenha/golang-les-sekolah-dasar/delivery/controller/student_controller.go:31.57,33.16 2 0
github.com/aisyahenha/golang-les-sekolah-dasar/delivery/controller/student_controller.go:33.16,36.3 2 0
github.com/aisyahenha/golang-les-sekolah-dasar/delivery/controller/student_controller.go:37.2,37.47 1 0
github.com/aisyahenha/golang-les-sekolah-dasar/delivery/controller/student_controller.go:40.56,45.16 3 0
github.com/aisyahenha/golang-les-sekolah-dasar/delivery/controller/student_controller.go:45.16,48.3 2 0
github.com/aisyahenha/golang-les-sekolah-dasar/delivery/controller/student_controller.go:49.2,49.47 1 0
github.com/aisyahenha/golang-les-sekolah-dasar/delivery/controller/student_controller.go:51.59,53.51 2 0
github.com/aisyahenha/golang-les-sekolah-dasar/delivery/controller/student_controller.go:53.51,56.3 2 0
github.com/aisyahenha/golang-les-sekolah-dasar/delivery/controller/student_controller.go:57.2,57.53 1 0
github.com/aisyahenha/golang-les-sekolah-dasar/delivery/controller/student_controller.go:57.53,60.3 2 0
github.com/aisyahenha/golang-les-sekolah-dasar/delivery/controller/student_controller.go:61.2,61.37 1 0
github.com/aisyahenha/golang-les-sekolah-dasar/delivery/controller/student_controller.go:63.59,66.16 3 0
github.com/aisyahenha/golang-les-sekolah-dasar/delivery/controller/student_controller.go:66.16,69.3 2 0
github.com/aisyahenha/golang-les-sekolah-dasar/delivery/controller/student_controller.go:70.2,70.77 1 0
github.com/aisyahenha/golang-les-sekolah-dasar/delivery/controller/student_controller.go:73.118,87.2 8 0
github.com/aisyahenha/golang-les-sekolah-dasar/delivery/controller/teacher_controller.go:19.59,21.51 2 0
github.com/aisyahenha/golang-les-sekolah-dasar/delivery/controller/teacher_controller.go:21.51,24.3 2 0
github.com/aisyahenha/golang-les-sekolah-dasar/delivery/controller/teacher_controller.go:25.2,25.58 1 0
github.com/aisyahenha/golang-les-sekolah-dasar/delivery/controller/teacher_controller.go:25.58,28.3 2 0
github.com/aisyahenha/golang-les-sekolah-dasar/delivery/controller/teacher_controller.go:29.2,29.37 1 0
github.com/aisyahenha/golang-les-sekolah-dasar/delivery/controller/teacher_controller.go:31.57,33.16 2 0
github.com/aisyahenha/golang-les-sekolah-dasar/delivery/controller/teacher_controller.go:33.16,36.3 2 0
github.com/aisyahenha/golang-les-sekolah-dasar/delivery/controller/teacher_controller.go:37.2,37.47 1 0
github.com/aisyahenha/golang-les-sekolah-dasar/delivery/controller/teacher_controller.go:40.56,45.16 3 0
github.com/aisyahenha/golang-les-sekolah-dasar/delivery/controller/teacher_controller.go:45.16,48.3 2 0
github.com/aisyahenha/golang-les-sekolah-dasar/delivery/controller/teacher_controller.go:49.2,49.47 1 0
github.com/aisyahenha/golang-les-sekolah-dasar/delivery/controller/teacher_controller.go:51.59,53.51 2 0
github.com/aisyahenha/golang-les-sekolah-dasar/delivery/controller/teacher_controller.go:53.51,56.3 2 0
github.com/aisyahenha/golang-les-sekolah-dasar/delivery/controller/teacher_controller.go:57.2,57.53 1 0
github.com/aisyahenha/golang-les-sekolah-dasar/delivery/controller/teacher_controller.go:57.53,60.3 2 0
github.com/aisyahenha/golang-les-sekolah-dasar/delivery/controller/teacher_controller.go:61.2,61.37 1 0
github.com/aisyahenha/golang-les-sekolah-dasar/delivery/controller/teacher_controller.go:63.59,66.16 3 0
github.com/aisyahenha/golang-les-sekolah-dasar/delivery/controller/teacher_controller.go:66.16,69.3 2 0
github.com/aisyahenha/golang-les-sekolah-dasar/delivery/controller/teacher_controller.go:70.2,70.77 1 0
github.com/aisyahenha/golang-les-sekolah-dasar/delivery/controller/teacher_controller.go:73.118,87.2 8 0
github.com/aisyahenha/golang-les-sekolah-dasar/delivery/controller/user_controller.go:19.56,22.51 2 0
github.com/aisyahenha/golang-les-sekolah-dasar/delivery/controller/user_controller.go:22.51,25.3 2 0
github.com/aisyahenha/golang-les-sekolah-dasar/delivery/controller/user_controller.go:26.2,26.55 1 0
github.com/aisyahenha/golang-les-sekolah-dasar/delivery/controller/user_controller.go:26.55,29.3 2 0
github.com/aisyahenha/golang-les-sekolah-dasar/delivery/controller/user_controller.go:30.2,30.37 1 0
github.com/aisyahenha/golang-les-sekolah-dasar/delivery/controller/user_controller.go:32.54,34.16 2 0
github.com/aisyahenha/golang-les-sekolah-dasar/delivery/controller/user_controller.go:34.16,37.3 2 0
github.com/aisyahenha/golang-les-sekolah-dasar/delivery/controller/user_controller.go:39.2,39.45 1 0
github.com/aisyahenha/golang-les-sekolah-dasar/delivery/controller/user_controller.go:42.53,47.16 3 0
github.com/aisyahenha/golang-les-sekolah-dasar/delivery/controller/user_controller.go:47.16,50.3 2 0
github.com/aisyahenha/golang-les-sekolah-dasar/delivery/controller/user_controller.go:51.2,51.44 1 0
github.com/aisyahenha/golang-les-sekolah-dasar/delivery/controller/user_controller.go:53.56,55.51 2 0
github.com/aisyahenha/golang-les-sekolah-dasar/delivery/controller/user_controller.go:55.51,58.3 2 0
github.com/aisyahenha/golang-les-sekolah-dasar/delivery/controller/user_controller.go:59.2,59.50 1 0
github.com/aisyahenha/golang-les-sekolah-dasar/delivery/controller/user_controller.go:59.50,62.3 2 0
github.com/aisyahenha/golang-les-sekolah-dasar/delivery/controller/user_controller.go:63.2,63.37 1 0
github.com/aisyahenha/golang-les-sekolah-dasar/delivery/controller/user_controller.go:65.56,68.16 3 0
github.com/aisyahenha/golang-les-sekolah-dasar/delivery/controller/user_controller.go:68.16,71.3 2 0
github.com/aisyahenha/golang-les-sekolah-dasar/delivery/controller/user_controller.go:72.2,72.74 1 0
github.com/aisyahenha/golang-les-sekolah-dasar/delivery/controller/user_controller.go:75.109,95.2 8 0
github.com/aisyahenha/golang-les-sekolah-dasar/repository/course_repository.go:23.69,27.2 3 1
github.com/aisyahenha/golang-les-sekolah-dasar/repository/course_repository.go:30.52,33.2 2 0
github.com/aisyahenha/golang-les-sekolah-dasar/repository/course_repository.go:36.70,41.19 3 1
github.com/aisyahenha/golang-les-sekolah-dasar/repository/course_repository.go:41.19,44.3 1 1
github.com/aisyahenha/golang-les-sekolah-dasar/repository/course_repository.go:45.2,45.20 1 1
github.com/aisyahenha/golang-les-sekolah-dasar/repository/course_repository.go:49.64,52.19 3 1
github.com/aisyahenha/golang-les-sekolah-dasar/repository/course_repository.go:52.19,54.3 1 1
github.com/aisyahenha/golang-les-sekolah-dasar/repository/course_repository.go:55.2,55.21 1 1
github.com/aisyahenha/golang-les-sekolah-dasar/repository/course_repository.go:59.69,62.2 2 0
github.com/aisyahenha/golang-les-sekolah-dasar/repository/course_repository.go:64.56,66.2 1 1
github.com/aisyahenha/golang-les-sekolah-dasar/repository/schedule_repository.go:23.73,27.2 3 1
github.com/aisyahenha/golang-les-sekolah-dasar/repository/schedule_repository.go:30.54,33.2 2 0
github.com/aisyahenha/golang-les-sekolah-dasar/repository/schedule_repository.go:36.74,41.19 3 1
github.com/aisyahenha/golang-les-sekolah-dasar/repository/schedule_repository.go:41.19,44.3 1 1
github.com/aisyahenha/golang-les-sekolah-dasar/repository/schedule_repository.go:45.2,45.22 1 1
github.com/aisyahenha/golang-les-sekolah-dasar/repository/schedule_repository.go:49.68,52.19 3 1
github.com/aisyahenha/golang-les-sekolah-dasar/repository/schedule_repository.go:52.19,54.3 1 1
github.com/aisyahenha/golang-les-sekolah-dasar/repository/schedule_repository.go:55.2,55.23 1 1
github.com/aisyahenha/golang-les-sekolah-dasar/repository/schedule_repository.go:59.73,62.2 2 0
github.com/aisyahenha/golang-les-sekolah-dasar/repository/schedule_repository.go:64.60,66.2 1 1
github.com/aisyahenha/golang-les-sekolah-dasar/repository/student_repository.go:23.71,27.2 3 1
github.com/aisyahenha/golang-les-sekolah-dasar/repository/student_repository.go:30.53,33.2 2 0
github.com/aisyahenha/golang-les-sekolah-dasar/repository/student_repository.go:36.72,41.19 3 1
github.com/aisyahenha/golang-les-sekolah-dasar/repository/student_repository.go:41.19,44.3 1 1
github.com/aisyahenha/golang-les-sekolah-dasar/repository/student_repository.go:45.2,45.21 1 1
github.com/aisyahenha/golang-les-sekolah-dasar/repository/student_repository.go:49.66,52.19 3 1
github.com/aisyahenha/golang-les-sekolah-dasar/repository/student_repository.go:52.19,54.3 1 1
github.com/aisyahenha/golang-les-sekolah-dasar/repository/student_repository.go:55.2,55.22 1 1
github.com/aisyahenha/golang-les-sekolah-dasar/repository/student_repository.go:59.71,62.2 2 0
github.com/aisyahenha/golang-les-sekolah-dasar/repository/student_repository.go:64.58,66.2 1 1
github.com/aisyahenha/golang-les-sekolah-dasar/repository/teacher_repository.go:23.71,27.2 3 1
github.com/aisyahenha/golang-les-sekolah-dasar/repository/teacher_repository.go:30.53,33.2 2 0
github.com/aisyahenha/golang-les-sekolah-dasar/repository/teacher_repository.go:36.72,41.19 3 1
github.com/aisyahenha/golang-les-sekolah-dasar/repository/teacher_repository.go:41.19,44.3 1 1
github.com/aisyahenha/golang-les-sekolah-dasar/repository/teacher_repository.go:45.2,45.21 1 1
github.com/aisyahenha/golang-les-sekolah-dasar/repository/teacher_repository.go:49.66,52.19 3 1
github.com/aisyahenha/golang-les-sekolah-dasar/repository/teacher_repository.go:52.19,54.3 1 1
github.com/aisyahenha/golang-les-sekolah-dasar/repository/teacher_repository.go:55.2,55.22 1 1
github.com/aisyahenha/golang-les-sekolah-dasar/repository/teacher_repository.go:59.71,62.2 2 0
github.com/aisyahenha/golang-les-sekolah-dasar/repository/teacher_repository.go:64.58,66.2 1 1
github.com/aisyahenha/golang-les-sekolah-dasar/repository/user_repository.go:30.77,33.19 3 1
github.com/aisyahenha/golang-les-sekolah-dasar/repository/user_repository.go:33.19,35.3 1 1
github.com/aisyahenha/golang-les-sekolah-dasar/repository/user_repository.go:36.2,36.18 1 1
github.com/aisyahenha/golang-les-sekolah-dasar/repository/user_repository.go:40.102,42.16 2 0
github.com/aisyahenha/golang-les-sekolah-dasar/repository/user_repository.go:42.16,44.3 1 0
github.com/aisyahenha/golang-les-sekolah-dasar/repository/user_repository.go:45.2,46.16 2 0
github.com/aisyahenha/golang-les-sekolah-dasar/repository/user_repository.go:46.16,48.3 1 0
github.com/aisyahenha/golang-les-sekolah-dasar/repository/user_repository.go:49.2,49.18 1 0
github.com/aisyahenha/golang-les-sekolah-dasar/repository/user_repository.go:54.60,58.2 2 1
github.com/aisyahenha/golang-les-sekolah-dasar/repository/user_repository.go:61.50,64.2 2 0
github.com/aisyahenha/golang-les-sekolah-dasar/repository/user_repository.go:67.67,73.19 3 1
github.com/aisyahenha/golang-les-sekolah-dasar/repository/user_repository.go:73.19,76.3 1 1
github.com/aisyahenha/golang-les-sekolah-dasar/repository/user_repository.go:77.2,78.19 2 1
github.com/aisyahenha/golang-les-sekolah-dasar/repository/user_repository.go:82.61,89.19 5 1
github.com/aisyahenha/golang-les-sekolah-dasar/repository/user_repository.go:89.19,91.3 1 1
github.com/aisyahenha/golang-les-sekolah-dasar/repository/user_repository.go:93.2,98.29 3 1
github.com/aisyahenha/golang-les-sekolah-dasar/repository/user_repository.go:98.29,101.3 2 1
github.com/aisyahenha/golang-les-sekolah-dasar/repository/user_repository.go:107.2,107.19 1 1
github.com/aisyahenha/golang-les-sekolah-dasar/repository/user_repository.go:111.60,114.2 2 0
github.com/aisyahenha/golang-les-sekolah-dasar/repository/user_repository.go:116.52,118.2 1 1
github.com/aisyahenha/golang-les-sekolah-dasar/usecase/auth_usecase.go:18.72,20.16 2 1
github.com/aisyahenha/golang-les-sekolah-dasar/usecase/auth_usecase.go:20.16,22.3 1 0
github.com/aisyahenha/golang-les-sekolah-dasar/usecase/auth_usecase.go:24.2,25.16 2 0
github.com/aisyahenha/golang-les-sekolah-dasar/usecase/auth_usecase.go:25.16,27.3 1 0
github.com/aisyahenha/golang-les-sekolah-dasar/usecase/auth_usecase.go:28.2,28.19 1 0
github.com/aisyahenha/golang-les-sekolah-dasar/usecase/auth_usecase.go:31.80,33.2 1 1
github.com/aisyahenha/golang-les-sekolah-dasar/usecase/course_usecase.go:24.55,26.2 1 0
github.com/aisyahenha/golang-les-sekolah-dasar/usecase/course_usecase.go:29.70,31.2 1 1
github.com/aisyahenha/golang-les-sekolah-dasar/usecase/course_usecase.go:34.78,36.2 1 1
github.com/aisyahenha/golang-les-sekolah-dasar/usecase/course_usecase.go:39.77,42.2 1 1
github.com/aisyahenha/golang-les-sekolah-dasar/usecase/course_usecase.go:45.72,47.2 1 0
github.com/aisyahenha/golang-les-sekolah-dasar/usecase/course_usecase.go:49.71,51.2 1 1
github.com/aisyahenha/golang-les-sekolah-dasar/usecase/schedule_usecase.go:23.59,25.2 1 0
github.com/aisyahenha/golang-les-sekolah-dasar/usecase/schedule_usecase.go:28.76,30.2 1 1
github.com/aisyahenha/golang-les-sekolah-dasar/usecase/schedule_usecase.go:33.84,35.2 1 1
github.com/aisyahenha/golang-les-sekolah-dasar/usecase/schedule_usecase.go:38.83,41.2 1 1
github.com/aisyahenha/golang-les-sekolah-dasar/usecase/schedule_usecase.go:44.78,46.2 1 0
github.com/aisyahenha/golang-les-sekolah-dasar/usecase/schedule_usecase.go:48.77,50.2 1 1
github.com/aisyahenha/golang-les-sekolah-dasar/usecase/student_usecase.go:23.57,25.2 1 0
github.com/aisyahenha/golang-les-sekolah-dasar/usecase/student_usecase.go:28.73,30.2 1 1
github.com/aisyahenha/golang-les-sekolah-dasar/usecase/student_usecase.go:33.81,35.2 1 1
github.com/aisyahenha/golang-les-sekolah-dasar/usecase/student_usecase.go:38.80,41.2 1 1
github.com/aisyahenha/golang-les-sekolah-dasar/usecase/student_usecase.go:44.75,46.2 1 0
github.com/aisyahenha/golang-les-sekolah-dasar/usecase/student_usecase.go:48.74,50.2 1 1
github.com/aisyahenha/golang-les-sekolah-dasar/usecase/teacher_usecase.go:23.57,25.2 1 0
github.com/aisyahenha/golang-les-sekolah-dasar/usecase/teacher_usecase.go:28.73,30.2 1 1
github.com/aisyahenha/golang-les-sekolah-dasar/usecase/teacher_usecase.go:33.81,35.2 1 1
github.com/aisyahenha/golang-les-sekolah-dasar/usecase/teacher_usecase.go:38.80,41.2 1 1
github.com/aisyahenha/golang-les-sekolah-dasar/usecase/teacher_usecase.go:44.75,46.2 1 0
github.com/aisyahenha/golang-les-sekolah-dasar/usecase/teacher_usecase.go:48.74,50.2 1 1
github.com/aisyahenha/golang-les-sekolah-dasar/usecase/user_usecase.go:28.75,30.2 1 1
github.com/aisyahenha/golang-les-sekolah-dasar/usecase/user_usecase.go:33.100,35.2 1 1
github.com/aisyahenha/golang-les-sekolah-dasar/usecase/user_usecase.go:38.51,40.2 1 0
github.com/aisyahenha/golang-les-sekolah-dasar/usecase/user_usecase.go:43.65,46.2 1 1
github.com/aisyahenha/golang-les-sekolah-dasar/usecase/user_usecase.go:49.73,51.2 1 1
github.com/aisyahenha/golang-les-sekolah-dasar/usecase/user_usecase.go:54.66,56.54 1 1
github.com/aisyahenha/golang-les-sekolah-dasar/usecase/user_usecase.go:56.54,58.3 1 1
github.com/aisyahenha/golang-les-sekolah-dasar/usecase/user_usecase.go:59.2,62.31 3 1
github.com/aisyahenha/golang-les-sekolah-dasar/usecase/user_usecase.go:66.61,68.2 1 0
github.com/aisyahenha/golang-les-sekolah-dasar/usecase/user_usecase.go:70.65,72.2 1 1
